[debug] [2022-05-15T04:24:30.787Z] ----------------------------------------------------------------------
[debug] [2022-05-15T04:24:30.789Z] Command:       /home/gitpod/.nvm/versions/node/v16.14.2/bin/node /home/gitpod/.nvm/versions/node/v16.14.2/bin/firebase init
[debug] [2022-05-15T04:24:30.789Z] CLI Version:   10.9.2
[debug] [2022-05-15T04:24:30.790Z] Platform:      linux
[debug] [2022-05-15T04:24:30.790Z] Node Version:  v16.14.2
[debug] [2022-05-15T04:24:30.790Z] Time:          Sun May 15 2022 04:24:30 GMT+0000 (Coordinated Universal Time)
[debug] [2022-05-15T04:24:30.790Z] ----------------------------------------------------------------------
[debug] 
[debug] [2022-05-15T04:24:30.838Z] > command requires scopes: ["email","openid","https://www.googleapis.com/auth/cloudplatformprojects.readonly","https://www.googleapis.com/auth/firebase","https://www.googleapis.com/auth/cloud-platform"]
[debug] [2022-05-15T04:24:30.838Z] > authorizing via signed-in user (giovanniandr97@gmail.com)
[info] 
     ######## #### ########  ######## ########     ###     ######  ########
     ##        ##  ##     ## ##       ##     ##  ##   ##  ##       ##
     ######    ##  ########  ######   ########  #########  ######  ######
     ##        ##  ##    ##  ##       ##     ## ##     ##       ## ##
     ##       #### ##     ## ######## ########  ##     ##  ######  ########

You're about to initialize a Firebase project in this directory:

  /workspace/DataPrediction/Frontend

Before we get started, keep in mind:

  * You are currently outside your home directory
  * You are initializing within an existing Firebase project directory

[info] 
=== Project Setup
[info] 
[info] First, let's associate this project directory with a Firebase project.
[info] You can create multiple project aliases by running firebase use --add, 
[info] but for now we'll just set up a default project.
[info] 
[debug] [2022-05-15T04:24:33.034Z] Using project from CLI flag: dashboardhomely
[debug] [2022-05-15T04:24:33.037Z] >>> [apiv2][query] GET https://firebase.googleapis.com/v1beta1/projects/dashboardhomely [none]
[debug] [2022-05-15T04:24:33.218Z] <<< [apiv2][status] GET https://firebase.googleapis.com/v1beta1/projects/dashboardhomely 200
[debug] [2022-05-15T04:24:33.218Z] <<< [apiv2][body] GET https://firebase.googleapis.com/v1beta1/projects/dashboardhomely {"projectId":"dashboardhomely","projectNumber":"1084636142539","displayName":"dashboardhomely","name":"projects/dashboardhomely","resources":{"hostingSite":"dashboardhomely"},"state":"ACTIVE"}
[info] i  Using project dashboardhomely (dashboardhomely) 
[info] 
=== Hosting Setup
[info] 
[info] Your public directory is the folder (relative to your project directory) that
[info] will contain Hosting assets to be uploaded with firebase deploy. If you
[info] have a build process for your assets, use your build's output directory.
[info] 
